#0 building with "desktop-linux" instance using docker driver

#1 [internal] load build definition from Dockerfile
#1 transferring dockerfile: 521B done
#1 WARN: FromAsCasing: 'as' and 'FROM' keywords' casing do not match (line 1)
#1 DONE 0.0s

#2 [internal] load metadata for docker.io/library/alpine:3.19.0
#2 DONE 1.5s

#3 [internal] load .dockerignore
#3 transferring context: 2B done
#3 DONE 0.0s

#4 [alpine 1/2] FROM docker.io/library/alpine:3.19.0@sha256:51b67269f354137895d43f3b3d810bfacd3945438e94dc5ac55fdac340352f48
#4 resolve docker.io/library/alpine:3.19.0@sha256:51b67269f354137895d43f3b3d810bfacd3945438e94dc5ac55fdac340352f48 0.0s done
#4 DONE 0.0s

#5 [internal] load build context
#5 transferring context: 13.54MB 0.5s done
#5 DONE 0.5s

#6 [alpine 2/2] RUN apk add --no-cache     ca-certificates     tzdata
#6 CACHED

#7 [stage-1 1/3] COPY --from=alpine     /etc/ssl/certs/ca-certificates.crt     /etc/ssl/certs/ca-certificates.crt
#7 CACHED

#8 [stage-1 2/3] COPY --from=alpine     /usr/share/zoneinfo     /usr/share/zoneinfo
#8 CACHED

#9 [stage-1 3/3] COPY watchtower /
#9 DONE 0.1s

#10 exporting to image
#10 exporting layers
#10 exporting layers 0.7s done
#10 exporting manifest sha256:50d06881fb0b14702523d06aff7e6b0f7734a311f07f97044d8743e8fd42eb36 0.0s done
#10 exporting config sha256:b78854299e572e6f13cd33cdbfd5a6b4e3badb822071d920f2ff2852869b429a 0.0s done
#10 exporting attestation manifest sha256:bb06956015004b55b27ae4b8c28291a8c340fbbc1fdfd3519f89b8852df7d425 0.0s done
#10 exporting manifest list sha256:94942f5e92336bfb9de0319480e9e9290b9c753510bdd2afc39e57c1107e1552 0.0s done
#10 naming to registry.local.athmajith.in/watchtower:latest
#10 naming to registry.local.athmajith.in/watchtower:latest done
#10 unpacking to registry.local.athmajith.in/watchtower:latest 0.1s done
#10 DONE 1.0s

 1 warning found (use docker --debug to expand):
 - FromAsCasing: 'as' and 'FROM' keywords' casing do not match (line 1)

View build details: docker-desktop://dashboard/build/desktop-linux/desktop-linux/74c61h2atwd8s6c326y88toxu
